1583
191
000--0-10---
0-001-010---
0000----0-0-
0-001--1-1--
000--00---10
000--0-1-1--
000----10-0-
00-000-01--0
00--0-111--1
0010-1-0--10
0010-1--10-0
00--0011-1-1
00-100-11---
00--01--10-0
00--011-1-10
-0-1100-00--
00--110-11--
0011-1-10-1-
--0-0-10011-
--000-1011-1
0-0010-1--0-
01010-1-01--
0-0-10-11--1
0101--10011-
----11111111
01-1011-011-
-00-000--1--
1000----1--0
100-011-0110
-00--00-11--
-00--101-111
100-111-111-
-0-0-10-11--
-0101--10-0-
1--111111000
-10010-1---1
111100---10-
1111-0-0-10-
1--000-000--
110-01--11--
111-00--0-1-
000-0-0----1
1-00--000-1-
0101--1---11
10101--1---1
100--0-001--
1111-00-0---
1-00--1-11-1
1-0101--10-0
1-1001--10-0
1001--10-0-1
110-00-10--1
11100---111-
11111100----
1000--0-1---
0-100--0-111
11-0--010-10
11000--00---
-1001--10-0-
111-0-011--1
00--0-001--1
1001-01--10-
11100-1-10--
00---1000-11
110-100--01-
00---1110-11
111--0--1111
1-00--0-111-
10010-1-1--1
11-110-001--
11110-110---
1000---0-0-0
000---0-0-0-
0-111100-00-
0-10-011-110
1110101-01--
1111--10101-
-01000-000--
0101--10-0-1
10-0011-1-1-
111-0101--1-
00-10-011---
1-00---1110-
-010-001001-
-00-011-110-
0-11000--011
11100100-0--
1-00-011011-
1-01-1-01001
11-0111011--
11-1110-110-
--1111110-11
0-00-00-0-10
110-100-00--
111000---0-0
11-0-0-011-1
1-01111-10-1
10101001----
00-011--11-1
-1001--10--1
1-010-110000
1-110-001001
1110-110000-
10-1101110-1
1111111-0-00
111--1111100
-111111-1110
110-001-010-
1111100--0-0
00-111-1110-
101-10011--1
111-110-0-10
1111--00-011
-011111--111
-1-10-111111
11-1-10-1111
-000--0000-1
10-001-010--
0101-01-1--1
11--0010-11-
1-0-11101010
11-11110-001
1111101-10-1
111111-1010-
01-10-110-11
1-1010-10-11
111001-0--11
101-1011--11
11101-10-11-
-0000--00-11
00-0110--11-
1-0101-010--
-0-00-111-11
100---10-111
1110010-1---
000-0-0---0-
000---0-0--1
1111-0111000
10-111101-10
100-111110-1
1110-1101-01
110111-110-1
11-000--0000
00-011-0110-
1-000-011-10
10-010-11-00
10010-10-10-
1-101-010-10
11-00--10110
11000-1-0-11
-0-01011-111
1111100---10
1--01111110-
0-11111--111
1111-1-10-11
111-00-000--
0101--1-10-1
1-0-00--1111
--0-011-1111
--0-1-111111
1-0000-0-1--
--0010011---
-0000---1--0
-001-0010001
10-00100-001
111-0000-000
1110-1-00000
-10-00110011
1--010011010
1-0-11111000
111111-000-0
11--11101010
110-1110101-
1111111-000-
11110111-1-0
0-111111111-
1111111-1-10
00-010-100-1
001--1001-00
100--0100-01
11--000100-1
-101-01001-1
111--10-0010
-110-011-110
110--100111-
11-0-110-111
1-00-000--10
00-0-100-11-
11-00-0-0-10
111-00-0-11-
1000---0--10
